{"C:\\A2 JS\\Express with Typescript Hexagonal\\src\\app.ts": {"path":"C:\\A2 JS\\Express with Typescript Hexagonal\\src\\app.ts","statementMap":{"0":{"start":{"line":1,"column":0},"end":{"line":1,"column":80}},"1":{"start":{"line":2,"column":0},"end":{"line":2,"column":37}},"2":{"start":{"line":3,"column":0},"end":{"line":3,"column":28}},"3":{"start":{"line":4,"column":0},"end":{"line":4,"column":44}},"4":{"start":{"line":6,"column":0},"end":{"line":6,"column":16}},"5":{"start":{"line":13,"column":8},"end":{"line":13,"column":25}},"6":{"start":{"line":14,"column":8},"end":{"line":14,"column":29}},"7":{"start":{"line":15,"column":8},"end":{"line":15,"column":22}},"8":{"start":{"line":16,"column":8},"end":{"line":16,"column":23}},"9":{"start":{"line":20,"column":8},"end":{"line":22,"column":11}},"10":{"start":{"line":21,"column":12},"end":{"line":21,"column":19}},"11":{"start":{"line":23,"column":8},"end":{"line":23,"column":61}},"12":{"start":{"line":24,"column":8},"end":{"line":24,"column":37}},"13":{"start":{"line":28,"column":8},"end":{"line":28,"column":34}},"14":{"start":{"line":32,"column":8},"end":{"line":32,"column":28}},"15":{"start":{"line":33,"column":8},"end":{"line":35,"column":11}},"16":{"start":{"line":34,"column":12},"end":{"line":34,"column":63}},"17":{"start":{"line":40,"column":15},"end":{"line":40,"column":27}},"18":{"start":{"line":41,"column":13},"end":{"line":41,"column":30}},"19":{"start":{"line":42,"column":0},"end":{"line":42,"column":22}}},"fnMap":{"0":{"name":"(anonymous_8)","decl":{"start":{"line":12,"column":4},"end":{"line":12,"column":16}},"loc":{"start":{"line":12,"column":68},"end":{"line":17,"column":5}}},"1":{"name":"(anonymous_9)","decl":{"start":{"line":19,"column":12},"end":{"line":19,"column":18}},"loc":{"start":{"line":19,"column":18},"end":{"line":25,"column":5}}},"2":{"name":"(anonymous_10)","decl":{"start":{"line":20,"column":21},"end":{"line":20,"column":22}},"loc":{"start":{"line":20,"column":73},"end":{"line":22,"column":9}}},"3":{"name":"(anonymous_11)","decl":{"start":{"line":27,"column":12},"end":{"line":27,"column":19}},"loc":{"start":{"line":27,"column":19},"end":{"line":29,"column":5}}},"4":{"name":"(anonymous_12)","decl":{"start":{"line":31,"column":17},"end":{"line":31,"column":22}},"loc":{"start":{"line":31,"column":22},"end":{"line":36,"column":null}}},"5":{"name":"(anonymous_14)","decl":{"start":{"line":33,"column":35},"end":{"line":33,"column":38}},"loc":{"start":{"line":33,"column":40},"end":{"line":35,"column":9}}}},"branchMap":{"0":{"loc":{"start":{"line":12,"column":16},"end":{"line":12,"column":68}},"type":"default-arg","locations":[{"start":{"line":12,"column":40},"end":{"line":12,"column":68}}]},"1":{"loc":{"start":{"line":12,"column":40},"end":{"line":12,"column":68}},"type":"binary-expr","locations":[{"start":{"line":12,"column":40},"end":{"line":12,"column":60}},{"start":{"line":12,"column":64},"end":{"line":12,"column":68}}]}},"s":{"0":1,"1":1,"2":1,"3":1,"4":1,"5":1,"6":1,"7":1,"8":1,"9":1,"10":4,"11":1,"12":1,"13":1,"14":0,"15":0,"16":0,"17":1,"18":1,"19":1},"f":{"0":1,"1":1,"2":4,"3":1,"4":0,"5":0},"b":{"0":[1],"1":[1,1]}}
,"C:\\A2 JS\\Express with Typescript Hexagonal\\src\\application\\usecases\\userUseCase.ts": {"path":"C:\\A2 JS\\Express with Typescript Hexagonal\\src\\application\\usecases\\userUseCase.ts","statementMap":{"0":{"start":{"line":1,"column":0},"end":{"line":1,"column":88}},"1":{"start":{"line":2,"column":0},"end":{"line":2,"column":58}},"2":{"start":{"line":10,"column":8},"end":{"line":10,"column":null}},"3":{"start":{"line":14,"column":33},"end":{"line":14,"column":70}},"4":{"start":{"line":15,"column":8},"end":{"line":15,"column":null}},"5":{"start":{"line":19,"column":8},"end":{"line":19,"column":51}},"6":{"start":{"line":23,"column":8},"end":{"line":23,"column":67}},"7":{"start":{"line":28,"column":8},"end":{"line":28,"column":null}},"8":{"start":{"line":7,"column":0},"end":{"line":7,"column":13}}},"fnMap":{"0":{"name":"(anonymous_0)","decl":{"start":{"line":9,"column":4},"end":{"line":9,"column":null}},"loc":{"start":{"line":9,"column":4},"end":{"line":11,"column":5}}},"1":{"name":"(anonymous_1)","decl":{"start":{"line":13,"column":4},"end":{"line":13,"column":12}},"loc":{"start":{"line":13,"column":58},"end":{"line":16,"column":5}}},"2":{"name":"(anonymous_2)","decl":{"start":{"line":18,"column":4},"end":{"line":18,"column":9}},"loc":{"start":{"line":18,"column":28},"end":{"line":20,"column":5}}},"3":{"name":"(anonymous_3)","decl":{"start":{"line":22,"column":4},"end":{"line":22,"column":18}},"loc":{"start":{"line":22,"column":39},"end":{"line":24,"column":5}}},"4":{"name":"(anonymous_4)","decl":{"start":{"line":27,"column":4},"end":{"line":27,"column":17}},"loc":{"start":{"line":27,"column":36},"end":{"line":29,"column":5}}}},"branchMap":{},"s":{"0":1,"1":1,"2":0,"3":0,"4":0,"5":0,"6":0,"7":0,"8":1},"f":{"0":0,"1":0,"2":0,"3":0,"4":0},"b":{}}
,"C:\\A2 JS\\Express with Typescript Hexagonal\\src\\config\\emailConfig.ts": {"path":"C:\\A2 JS\\Express with Typescript Hexagonal\\src\\config\\emailConfig.ts","statementMap":{"0":{"start":{"line":1,"column":0},"end":{"line":1,"column":53}},"1":{"start":{"line":2,"column":0},"end":{"line":2,"column":28}},"2":{"start":{"line":4,"column":0},"end":{"line":4,"column":16}},"3":{"start":{"line":18,"column":8},"end":{"line":18,"column":25}},"4":{"start":{"line":20,"column":8},"end":{"line":28,"column":9}},"5":{"start":{"line":21,"column":12},"end":{"line":27,"column":15}},"6":{"start":{"line":31,"column":27},"end":{"line":47,"column":null}},"7":{"start":{"line":32,"column":28},"end":{"line":38,"column":10}},"8":{"start":{"line":40,"column":8},"end":{"line":46,"column":9}},"9":{"start":{"line":41,"column":25},"end":{"line":41,"column":76}},"10":{"start":{"line":42,"column":12},"end":{"line":42,"column":60}},"11":{"start":{"line":44,"column":12},"end":{"line":44,"column":58}},"12":{"start":{"line":45,"column":12},"end":{"line":45,"column":24}},"13":{"start":{"line":13,"column":0},"end":{"line":13,"column":13}}},"fnMap":{"0":{"name":"(anonymous_8)","decl":{"start":{"line":17,"column":4},"end":{"line":17,"column":16}},"loc":{"start":{"line":17,"column":28},"end":{"line":29,"column":5}}},"1":{"name":"(anonymous_9)","decl":{"start":{"line":31,"column":17},"end":{"line":31,"column":26}},"loc":{"start":{"line":31,"column":26},"end":{"line":47,"column":null}}},"2":{"name":"(anonymous_10)","decl":{"start":{"line":31,"column":27},"end":{"line":31,"column":29}},"loc":{"start":{"line":31,"column":68},"end":{"line":47,"column":5}}}},"branchMap":{"0":{"loc":{"start":{"line":20,"column":8},"end":{"line":28,"column":9}},"type":"if","locations":[{"start":{"line":20,"column":8},"end":{"line":28,"column":9}}]},"1":{"loc":{"start":{"line":24,"column":26},"end":{"line":24,"column":53}},"type":"binary-expr","locations":[{"start":{"line":24,"column":26},"end":{"line":24,"column":47}},{"start":{"line":24,"column":51},"end":{"line":24,"column":53}}]},"2":{"loc":{"start":{"line":25,"column":26},"end":{"line":25,"column":58}},"type":"binary-expr","locations":[{"start":{"line":25,"column":26},"end":{"line":25,"column":52}},{"start":{"line":25,"column":56},"end":{"line":25,"column":58}}]}},"s":{"0":1,"1":1,"2":1,"3":0,"4":0,"5":0,"6":0,"7":0,"8":0,"9":0,"10":0,"11":0,"12":0,"13":1},"f":{"0":0,"1":0,"2":0},"b":{"0":[0],"1":[0,0],"2":[0,0]}}
,"C:\\A2 JS\\Express with Typescript Hexagonal\\src\\config\\settings.ts": {"path":"C:\\A2 JS\\Express with Typescript Hexagonal\\src\\config\\settings.ts","statementMap":{"0":{"start":{"line":1,"column":0},"end":{"line":1,"column":32}},"1":{"start":{"line":2,"column":0},"end":{"line":2,"column":28}},"2":{"start":{"line":4,"column":0},"end":{"line":4,"column":16}},"3":{"start":{"line":6,"column":25},"end":{"line":6,"column":75}},"4":{"start":{"line":8,"column":20},"end":{"line":16,"column":2}},"5":{"start":{"line":8,"column":46},"end":{"line":16,"column":2}},"6":{"start":{"line":9,"column":4},"end":{"line":15,"column":5}},"7":{"start":{"line":10,"column":8},"end":{"line":10,"column":41}},"8":{"start":{"line":11,"column":8},"end":{"line":11,"column":44}},"9":{"start":{"line":13,"column":8},"end":{"line":13,"column":61}},"10":{"start":{"line":14,"column":8},"end":{"line":14,"column":24}},"11":{"start":{"line":18,"column":0},"end":{"line":18,"column":27}}},"fnMap":{"0":{"name":"(anonymous_8)","decl":{"start":{"line":8,"column":20},"end":{"line":8,"column":44}},"loc":{"start":{"line":8,"column":46},"end":{"line":16,"column":2}}},"1":{"name":"(anonymous_9)","decl":{"start":{"line":8,"column":46},"end":{"line":8,"column":null}},"loc":{"start":{"line":8,"column":46},"end":{"line":16,"column":1}}}},"branchMap":{"0":{"loc":{"start":{"line":6,"column":25},"end":{"line":6,"column":75}},"type":"binary-expr","locations":[{"start":{"line":6,"column":25},"end":{"line":6,"column":43}},{"start":{"line":6,"column":47},"end":{"line":6,"column":75}}]}},"s":{"0":1,"1":1,"2":1,"3":1,"4":1,"5":0,"6":0,"7":0,"8":0,"9":0,"10":0,"11":1},"f":{"0":0,"1":0},"b":{"0":[1,0]}}
,"C:\\A2 JS\\Express with Typescript Hexagonal\\src\\core\\dto\\ForgotDTO.ts": {"path":"C:\\A2 JS\\Express with Typescript Hexagonal\\src\\core\\dto\\ForgotDTO.ts","statementMap":{"0":{"start":{"line":2,"column":32},"end":{"line":2,"column":45}},"1":{"start":{"line":1,"column":0},"end":{"line":1,"column":13}}},"fnMap":{"0":{"name":"(anonymous_0)","decl":{"start":{"line":2,"column":4},"end":{"line":2,"column":32}},"loc":{"start":{"line":2,"column":45},"end":{"line":2,"column":49}}}},"branchMap":{},"s":{"0":0,"1":1},"f":{"0":0},"b":{}}
,"C:\\A2 JS\\Express with Typescript Hexagonal\\src\\core\\dto\\LoginDTO.ts": {"path":"C:\\A2 JS\\Express with Typescript Hexagonal\\src\\core\\dto\\LoginDTO.ts","statementMap":{"0":{"start":{"line":2,"column":23},"end":{"line":2,"column":36}},"1":{"start":{"line":2,"column":45},"end":{"line":2,"column":61}},"2":{"start":{"line":1,"column":0},"end":{"line":1,"column":13}}},"fnMap":{"0":{"name":"(anonymous_0)","decl":{"start":{"line":2,"column":4},"end":{"line":2,"column":23}},"loc":{"start":{"line":2,"column":61},"end":{"line":2,"column":65}}}},"branchMap":{},"s":{"0":2,"1":2,"2":1},"f":{"0":2},"b":{}}
,"C:\\A2 JS\\Express with Typescript Hexagonal\\src\\core\\dto\\ResetDTO.ts": {"path":"C:\\A2 JS\\Express with Typescript Hexagonal\\src\\core\\dto\\ResetDTO.ts","statementMap":{"0":{"start":{"line":2,"column":32},"end":{"line":2,"column":50}},"1":{"start":{"line":2,"column":68},"end":{"line":2,"column":87}},"2":{"start":{"line":1,"column":0},"end":{"line":1,"column":13}}},"fnMap":{"0":{"name":"(anonymous_0)","decl":{"start":{"line":2,"column":4},"end":{"line":2,"column":32}},"loc":{"start":{"line":2,"column":87},"end":{"line":2,"column":91}}}},"branchMap":{},"s":{"0":0,"1":0,"2":1},"f":{"0":0},"b":{}}
,"C:\\A2 JS\\Express with Typescript Hexagonal\\src\\core\\entities\\userEntity.ts": {"path":"C:\\A2 JS\\Express with Typescript Hexagonal\\src\\core\\entities\\userEntity.ts","statementMap":{"0":{"start":{"line":2,"column":32},"end":{"line":2,"column":44}},"1":{"start":{"line":2,"column":62},"end":{"line":2,"column":75}},"2":{"start":{"line":2,"column":84},"end":{"line":2,"column":100}},"3":{"start":{"line":1,"column":0},"end":{"line":1,"column":13}}},"fnMap":{"0":{"name":"(anonymous_0)","decl":{"start":{"line":2,"column":4},"end":{"line":2,"column":32}},"loc":{"start":{"line":2,"column":100},"end":{"line":2,"column":104}}}},"branchMap":{},"s":{"0":0,"1":0,"2":0,"3":1},"f":{"0":0},"b":{}}
,"C:\\A2 JS\\Express with Typescript Hexagonal\\src\\infrastructure\\database\\schema\\userSchema.ts": {"path":"C:\\A2 JS\\Express with Typescript Hexagonal\\src\\infrastructure\\database\\schema\\userSchema.ts","statementMap":{"0":{"start":{"line":1,"column":0},"end":{"line":1,"column":32}},"1":{"start":{"line":3,"column":19},"end":{"line":17,"column":26}},"2":{"start":{"line":19,"column":13},"end":{"line":19,"column":47}},"3":{"start":{"line":21,"column":0},"end":{"line":21,"column":20}}},"fnMap":{},"branchMap":{},"s":{"0":1,"1":1,"2":1,"3":1},"f":{},"b":{}}
,"C:\\A2 JS\\Express with Typescript Hexagonal\\src\\infrastructure\\repositories\\userRepositoryImpl.ts": {"path":"C:\\A2 JS\\Express with Typescript Hexagonal\\src\\infrastructure\\repositories\\userRepositoryImpl.ts","statementMap":{"0":{"start":{"line":2,"column":0},"end":{"line":2,"column":58}},"1":{"start":{"line":3,"column":0},"end":{"line":3,"column":49}},"2":{"start":{"line":4,"column":0},"end":{"line":4,"column":33}},"3":{"start":{"line":5,"column":0},"end":{"line":5,"column":31}},"4":{"start":{"line":7,"column":0},"end":{"line":7,"column":53}},"5":{"start":{"line":13,"column":8},"end":{"line":13,"column":30}},"6":{"start":{"line":17,"column":35},"end":{"line":17,"column":37}},"7":{"start":{"line":18,"column":8},"end":{"line":18,"column":69}},"8":{"start":{"line":19,"column":24},"end":{"line":19,"column":48}},"9":{"start":{"line":20,"column":26},"end":{"line":20,"column":46}},"10":{"start":{"line":21,"column":8},"end":{"line":25,"column":10}},"11":{"start":{"line":29,"column":21},"end":{"line":29,"column":76}},"12":{"start":{"line":31,"column":8},"end":{"line":33,"column":9}},"13":{"start":{"line":32,"column":12},"end":{"line":32,"column":46}},"14":{"start":{"line":35,"column":32},"end":{"line":35,"column":86}},"15":{"start":{"line":36,"column":8},"end":{"line":38,"column":9}},"16":{"start":{"line":37,"column":12},"end":{"line":37,"column":48}},"17":{"start":{"line":40,"column":22},"end":{"line":43,"column":null}},"18":{"start":{"line":45,"column":8},"end":{"line":45,"column":25}},"19":{"start":{"line":49,"column":21},"end":{"line":49,"column":60}},"20":{"start":{"line":50,"column":8},"end":{"line":52,"column":9}},"21":{"start":{"line":51,"column":12},"end":{"line":51,"column":67}},"22":{"start":{"line":53,"column":27},"end":{"line":56,"column":null}},"23":{"start":{"line":58,"column":41},"end":{"line":58,"column":68}},"24":{"start":{"line":59,"column":34},"end":{"line":59,"column":97}},"25":{"start":{"line":60,"column":8},"end":{"line":65,"column":11}},"26":{"start":{"line":72,"column":8},"end":{"line":76,"column":9}},"27":{"start":{"line":73,"column":12},"end":{"line":73,"column":108}},"28":{"start":{"line":75,"column":12},"end":{"line":75,"column":62}},"29":{"start":{"line":78,"column":21},"end":{"line":78,"column":75}},"30":{"start":{"line":79,"column":8},"end":{"line":81,"column":9}},"31":{"start":{"line":80,"column":12},"end":{"line":80,"column":46}},"32":{"start":{"line":83,"column":8},"end":{"line":83,"column":59}},"33":{"start":{"line":84,"column":8},"end":{"line":84,"column":26}},"34":{"start":{"line":86,"column":8},"end":{"line":86,"column":60}},"35":{"start":{"line":9,"column":0},"end":{"line":9,"column":13}}},"fnMap":{"0":{"name":"(anonymous_17)","decl":{"start":{"line":12,"column":4},"end":{"line":12,"column":null}},"loc":{"start":{"line":12,"column":4},"end":{"line":14,"column":5}}},"1":{"name":"(anonymous_18)","decl":{"start":{"line":16,"column":10},"end":{"line":16,"column":18}},"loc":{"start":{"line":16,"column":35},"end":{"line":26,"column":null}}},"2":{"name":"(anonymous_20)","decl":{"start":{"line":28,"column":10},"end":{"line":28,"column":15}},"loc":{"start":{"line":28,"column":34},"end":{"line":46,"column":null}}},"3":{"name":"(anonymous_22)","decl":{"start":{"line":48,"column":10},"end":{"line":48,"column":24}},"loc":{"start":{"line":48,"column":38},"end":{"line":66,"column":null}}},"4":{"name":"(anonymous_24)","decl":{"start":{"line":69,"column":10},"end":{"line":69,"column":23}},"loc":{"start":{"line":69,"column":63},"end":{"line":87,"column":null}}}},"branchMap":{"0":{"loc":{"start":{"line":31,"column":8},"end":{"line":33,"column":9}},"type":"if","locations":[{"start":{"line":31,"column":8},"end":{"line":33,"column":9}}]},"1":{"loc":{"start":{"line":36,"column":8},"end":{"line":38,"column":9}},"type":"if","locations":[{"start":{"line":36,"column":8},"end":{"line":38,"column":9}}]},"2":{"loc":{"start":{"line":50,"column":8},"end":{"line":52,"column":9}},"type":"if","locations":[{"start":{"line":50,"column":8},"end":{"line":52,"column":9}}]},"3":{"loc":{"start":{"line":73,"column":45},"end":{"line":73,"column":73}},"type":"binary-expr","locations":[{"start":{"line":73,"column":45},"end":{"line":73,"column":67}},{"start":{"line":73,"column":71},"end":{"line":73,"column":73}}]},"4":{"loc":{"start":{"line":79,"column":8},"end":{"line":81,"column":9}},"type":"if","locations":[{"start":{"line":79,"column":8},"end":{"line":81,"column":9}}]}},"s":{"0":1,"1":1,"2":1,"3":1,"4":1,"5":0,"6":0,"7":0,"8":0,"9":0,"10":0,"11":0,"12":0,"13":0,"14":0,"15":0,"16":0,"17":0,"18":0,"19":0,"20":0,"21":0,"22":0,"23":0,"24":0,"25":0,"26":0,"27":0,"28":0,"29":0,"30":0,"31":0,"32":0,"33":0,"34":0,"35":1},"f":{"0":0,"1":0,"2":0,"3":0,"4":0},"b":{"0":[0],"1":[0],"2":[0],"3":[0,0],"4":[0]}}
,"C:\\A2 JS\\Express with Typescript Hexagonal\\src\\interface\\http\\userController.ts": {"path":"C:\\A2 JS\\Express with Typescript Hexagonal\\src\\interface\\http\\userController.ts","statementMap":{"0":{"start":{"line":2,"column":0},"end":{"line":2,"column":69}},"1":{"start":{"line":3,"column":0},"end":{"line":3,"column":49}},"2":{"start":{"line":4,"column":0},"end":{"line":4,"column":51}},"3":{"start":{"line":5,"column":0},"end":{"line":5,"column":49}},"4":{"start":{"line":10,"column":8},"end":{"line":10,"column":null}},"5":{"start":{"line":14,"column":42},"end":{"line":14,"column":50}},"6":{"start":{"line":16,"column":8},"end":{"line":19,"column":9}},"7":{"start":{"line":17,"column":12},"end":{"line":17,"column":88}},"8":{"start":{"line":18,"column":12},"end":{"line":18,"column":19}},"9":{"start":{"line":21,"column":8},"end":{"line":26,"column":9}},"10":{"start":{"line":22,"column":25},"end":{"line":22,"column":81}},"11":{"start":{"line":23,"column":12},"end":{"line":23,"column":39}},"12":{"start":{"line":25,"column":12},"end":{"line":25,"column":53}},"13":{"start":{"line":31,"column":8},"end":{"line":38,"column":9}},"14":{"start":{"line":32,"column":40},"end":{"line":32,"column":48}},"15":{"start":{"line":33,"column":29},"end":{"line":33,"column":58}},"16":{"start":{"line":34,"column":30},"end":{"line":34,"column":68}},"17":{"start":{"line":35,"column":12},"end":{"line":35,"column":51}},"18":{"start":{"line":37,"column":12},"end":{"line":37,"column":82}},"19":{"start":{"line":42,"column":8},"end":{"line":49,"column":9}},"20":{"start":{"line":43,"column":30},"end":{"line":43,"column":38}},"21":{"start":{"line":44,"column":30},"end":{"line":44,"column":50}},"22":{"start":{"line":45,"column":12},"end":{"line":45,"column":61}},"23":{"start":{"line":46,"column":12},"end":{"line":46,"column":68}},"24":{"start":{"line":48,"column":12},"end":{"line":48,"column":65}},"25":{"start":{"line":53,"column":8},"end":{"line":67,"column":9}},"26":{"start":{"line":54,"column":33},"end":{"line":54,"column":41}},"27":{"start":{"line":55,"column":35},"end":{"line":55,"column":44}},"28":{"start":{"line":57,"column":12},"end":{"line":59,"column":13}},"29":{"start":{"line":58,"column":16},"end":{"line":58,"column":102}},"30":{"start":{"line":61,"column":29},"end":{"line":61,"column":73}},"31":{"start":{"line":62,"column":12},"end":{"line":62,"column":59}},"32":{"start":{"line":64,"column":12},"end":{"line":64,"column":82}},"33":{"start":{"line":66,"column":12},"end":{"line":66,"column":78}},"34":{"start":{"line":72,"column":0},"end":{"line":72,"column":null}}},"fnMap":{"0":{"name":"(anonymous_7)","decl":{"start":{"line":9,"column":4},"end":{"line":9,"column":null}},"loc":{"start":{"line":9,"column":4},"end":{"line":11,"column":5}}},"1":{"name":"(anonymous_8)","decl":{"start":{"line":13,"column":10},"end":{"line":13,"column":18}},"loc":{"start":{"line":13,"column":46},"end":{"line":27,"column":null}}},"2":{"name":"(anonymous_10)","decl":{"start":{"line":30,"column":10},"end":{"line":30,"column":15}},"loc":{"start":{"line":30,"column":43},"end":{"line":39,"column":null}}},"3":{"name":"(anonymous_12)","decl":{"start":{"line":41,"column":10},"end":{"line":41,"column":24}},"loc":{"start":{"line":41,"column":52},"end":{"line":50,"column":null}}},"4":{"name":"(anonymous_14)","decl":{"start":{"line":52,"column":10},"end":{"line":52,"column":23}},"loc":{"start":{"line":52,"column":51},"end":{"line":68,"column":null}}}},"branchMap":{"0":{"loc":{"start":{"line":16,"column":8},"end":{"line":19,"column":9}},"type":"if","locations":[{"start":{"line":16,"column":8},"end":{"line":19,"column":9}}]},"1":{"loc":{"start":{"line":16,"column":12},"end":{"line":16,"column":40}},"type":"binary-expr","locations":[{"start":{"line":16,"column":12},"end":{"line":16,"column":17}},{"start":{"line":16,"column":21},"end":{"line":16,"column":27}},{"start":{"line":16,"column":31},"end":{"line":16,"column":40}}]},"2":{"loc":{"start":{"line":57,"column":12},"end":{"line":59,"column":13}},"type":"if","locations":[{"start":{"line":57,"column":12},"end":{"line":59,"column":13}}]},"3":{"loc":{"start":{"line":57,"column":16},"end":{"line":57,"column":40}},"type":"binary-expr","locations":[{"start":{"line":57,"column":16},"end":{"line":57,"column":27}},{"start":{"line":57,"column":31},"end":{"line":57,"column":40}}]}},"s":{"0":1,"1":1,"2":1,"3":1,"4":1,"5":2,"6":2,"7":1,"8":1,"9":1,"10":1,"11":1,"12":0,"13":2,"14":2,"15":2,"16":2,"17":0,"18":2,"19":0,"20":0,"21":0,"22":0,"23":0,"24":0,"25":0,"26":0,"27":0,"28":0,"29":0,"30":0,"31":0,"32":0,"33":0,"34":1},"f":{"0":1,"1":2,"2":2,"3":0,"4":0},"b":{"0":[1],"1":[2,1,1],"2":[0],"3":[0,0]}}
,"C:\\A2 JS\\Express with Typescript Hexagonal\\src\\routes\\routes.ts": {"path":"C:\\A2 JS\\Express with Typescript Hexagonal\\src\\routes\\routes.ts","statementMap":{"0":{"start":{"line":1,"column":0},"end":{"line":1,"column":33}},"1":{"start":{"line":2,"column":0},"end":{"line":2,"column":62}},"2":{"start":{"line":4,"column":23},"end":{"line":4,"column":31}},"3":{"start":{"line":6,"column":0},"end":{"line":8,"column":3}},"4":{"start":{"line":7,"column":4},"end":{"line":7,"column":38}},"5":{"start":{"line":10,"column":0},"end":{"line":12,"column":null}},"6":{"start":{"line":11,"column":4},"end":{"line":11,"column":35}},"7":{"start":{"line":14,"column":0},"end":{"line":16,"column":null}},"8":{"start":{"line":15,"column":4},"end":{"line":15,"column":44}},"9":{"start":{"line":18,"column":0},"end":{"line":20,"column":null}},"10":{"start":{"line":19,"column":4},"end":{"line":19,"column":43}},"11":{"start":{"line":21,"column":0},"end":{"line":21,"column":22}}},"fnMap":{"0":{"name":"(anonymous_1)","decl":{"start":{"line":6,"column":30},"end":{"line":6,"column":31}},"loc":{"start":{"line":6,"column":49},"end":{"line":8,"column":1}}},"1":{"name":"(anonymous_2)","decl":{"start":{"line":10,"column":27},"end":{"line":10,"column":28}},"loc":{"start":{"line":10,"column":46},"end":{"line":12,"column":1}}},"2":{"name":"(anonymous_3)","decl":{"start":{"line":14,"column":37},"end":{"line":14,"column":38}},"loc":{"start":{"line":14,"column":56},"end":{"line":16,"column":1}}},"3":{"name":"(anonymous_4)","decl":{"start":{"line":18,"column":36},"end":{"line":18,"column":37}},"loc":{"start":{"line":18,"column":55},"end":{"line":20,"column":1}}}},"branchMap":{},"s":{"0":1,"1":1,"2":1,"3":1,"4":2,"5":1,"6":2,"7":1,"8":0,"9":1,"10":0,"11":1},"f":{"0":2,"1":2,"2":0,"3":0},"b":{}}
}
